<?xml version="1.0" encoding="UTF-8"?>
<!-- Generated by org.testng.reporters.JUnitReportReporter -->
<testsuite hostname="LAPTOP-2575QVEE" failures="0" tests="2" name="TestCase.TestStep" time="30.670" errors="0" timestamp="2025-06-03T12:45:21 IST" skipped="0">
  <testcase classname="TestCase.TestStep" name="InvalidSearch" time="24.747">
    <system-out>
      <![CDATA[Invalid Search
No such product]]>
    </system-out>
  </testcase> <!-- InvalidSearch -->
  <testcase classname="TestCase.TestStep" name="ValidSearch" time="5.923">
    <system-out>
      <![CDATA[projuct secarh
List of laptop]]>
    </system-out>
  </testcase> <!-- ValidSearch -->
  <system-out>
    <![CDATA[Enter into the Amazon 
Invalid Search
No such product
projuct secarh
List of laptop]]>
  </system-out>
</testsuite> <!-- TestCase.TestStep -->
