<?xml version="1.0" encoding="UTF-8"?>
<!-- Generated by org.testng.reporters.JUnitReportReporter -->
<testsuite hostname="LAPTOP-2575QVEE" failures="0" tests="1" name="TestCase.TestClass" time="42.629" errors="0" timestamp="2025-06-04T00:49:09 IST" skipped="0">
  <testcase classname="TestCase.TestClass" name="InvalidSearch" time="42.629">
    <system-out>
      <![CDATA[Invalid Search
No such product]]>
    </system-out>
  </testcase> <!-- InvalidSearch -->
  <system-out>
    <![CDATA[Enter into the Amazon 
Invalid Search
No such product]]>
  </system-out>
</testsuite> <!-- TestCase.TestClass -->
