<?xml version="1.0" encoding="UTF-8"?>
<!-- Generated by org.testng.reporters.JUnitReportReporter -->
<testsuite hostname="LAPTOP-2575QVEE" failures="0" tests="1" name="TestCase.SearchProduct" time="7.303" errors="0" timestamp="2025-06-04T15:54:44 IST" skipped="0">
  <testcase classname="TestCase.SearchProduct" name="ValidSearch" time="7.303">
    <system-out>
      <![CDATA[projuct secarh
List of laptop]]>
    </system-out>
  </testcase> <!-- ValidSearch -->
  <system-out>
    <![CDATA[Entered into the application
Invalid Search
No such product
Entered into the application
projuct secarh
List of laptop
Entered into the application
find product and Add it to cart
Product added to cart successfully
Entered into the application
find product and Add it to cart
Product added to cart successfully
Entered into the application
Search and add product to cart
Product removed and cart is now empty]]>
  </system-out>
</testsuite> <!-- TestCase.SearchProduct -->
